#
# There is insufficient memory for the Java Runtime Environment to continue.
# Native memory allocation (mmap) failed to map 132120576 bytes for Failed to commit area from 0x0000000083000000 to 0x000000008ae00000 of length 132120576.
# Possible reasons:
#   The system is out of physical RAM or swap space
#   The process is running with CompressedOops enabled, and the Java Heap may be blocking the growth of the native heap
# Possible solutions:
#   Reduce memory load on the system
#   Increase physical memory or swap space
#   Check if swap backing store is full
#   Decrease Java heap size (-Xmx/-Xms)
#   Decrease number of Java threads
#   Decrease Java thread stack sizes (-Xss)
#   Set larger code cache with -XX:ReservedCodeCacheSize=
# This output file may be truncated or incomplete.
#
#  Out of Memory Error (./src/hotspot/os/windows/os_windows.cpp:3303), pid=17932, tid=20876
#
# JRE version:  (11.0.8+10) (build )
# Java VM: OpenJDK 64-Bit Server VM (11.0.8+10, mixed mode, sharing, tiered, compressed oops, g1 gc, windows-amd64)
# No core dump will be written. Minidumps are not enabled by default on client versions of Windows
#

---------------  S U M M A R Y ------------

Command Line: -Dfile.encoding=MS950 --module-path=C:\Users\user\eclipse-workspace\mysql-connector-java-8.0.16.jar Main

Host: AMD Ryzen 7 3750H with Radeon Vega Mobile Gfx  , 8 cores, 7G,  Windows 10 , 64 bit Build 19041 (10.0.19041.928)
Time: Tue May 11 23:40:01 2021 台北標準時間 elapsed time: 0 seconds (0d 0h 0m 0s)

---------------  T H R E A D  ---------------

Current thread (0x0000020dbf067000):  JavaThread "Unknown thread" [_thread_in_vm, id=20876, stack(0x000000e0ed100000,0x000000e0ed200000)]

Stack: [0x000000e0ed100000,0x000000e0ed200000]
Native frames: (J=compiled Java code, j=interpreted, Vv=VM code, C=native code)
V  [jvm.dll+0x5dfa5a]
V  [jvm.dll+0x7175ce]
V  [jvm.dll+0x718c9f]
V  [jvm.dll+0x719363]
V  [jvm.dll+0x240e48]
V  [jvm.dll+0x5dccca]
V  [jvm.dll+0x5d1935]
V  [jvm.dll+0x2f650c]
V  [jvm.dll+0x2f6392]
V  [jvm.dll+0x2fb046]
V  [jvm.dll+0x33f06f]
V  [jvm.dll+0x33eaa0]
V  [jvm.dll+0x2d38d8]
V  [jvm.dll+0x2d4a26]
V  [jvm.dll+0x6f32c7]
V  [jvm.dll+0x6f4a4f]
V  [jvm.dll+0x34bdf9]
V  [jvm.dll+0x6d66d0]
V  [jvm.dll+0x3b32ef]
V  [jvm.dll+0x3b55a1]
C  [jli.dll+0x520b]
C  [ucrtbase.dll+0x21bb2]
C  [KERNEL32.DLL+0x17034]
C  [ntdll.dll+0x52651]


---------------  P R O C E S S  ---------------

Threads class SMR info:
_java_thread_list=0x0000020dbd752050, length=0, elements={
}

Java Threads: ( => current thread )

Other Threads:
  0x0000020dbf07f000 GCTaskThread "GC Thread#0" [stack: 0x000000e0ed200000,0x000000e0ed300000] [id=4128]
  0x0000020dbf0b2000 ConcurrentGCThread "G1 Main Marker" [stack: 0x000000e0ed300000,0x000000e0ed400000] [id=33580]
  0x0000020dbf0b3800 ConcurrentGCThread "G1 Conc#0" [stack: 0x000000e0ed400000,0x000000e0ed500000] [id=23768]

[error occurred during error reporting (printing all threads), id 0xc0000005, EXCEPTION_ACCESS_VIOLATION (0xc0000005) at pc=0x00007ffa301a2f27]

VM state:not at safepoint (not fully initialized)

VM Mutex/Monitor currently owned by a thread:  ([mutex/lock_event])
[0x0000020dbf063c30] Heap_lock - owner thread: 0x0000020dbf067000

Heap address: 0x0000000083000000, size: 2000 MB, Compressed Oops mode: Non-zero based: 0x0000000083000000
Narrow klass base: 0x0000000000000000, Narrow klass shift: 0

GC Heap History (0 events):
No events

Deoptimization events (0 events):
No events

Classes redefined (0 events):
No events

Internal exceptions (0 events):
No events

Events (1 events):
Event: 0.014 Loaded shared library C:\jdk-11.0.8.10\bin\zip.dll


Dynamic libraries:
0x00007ff6b8f40000 - 0x00007ff6b8f4d000 	C:\jdk-11.0.8.10\bin\javaw.exe
0x00007ffa7f390000 - 0x00007ffa7f585000 	C:\WINDOWS\SYSTEM32\ntdll.dll
0x00007ffa7d3f0000 - 0x00007ffa7d4ad000 	C:\WINDOWS\System32\KERNEL32.DLL
0x00007ffa7cf00000 - 0x00007ffa7d1c8000 	C:\WINDOWS\System32\KERNELBASE.dll
0x00007ffa7d2f0000 - 0x00007ffa7d3f0000 	C:\WINDOWS\System32\ucrtbase.dll
0x00007ffa79fe0000 - 0x00007ffa79ff5000 	C:\jdk-11.0.8.10\bin\VCRUNTIME140.dll
0x00007ffa7a060000 - 0x00007ffa7a077000 	C:\jdk-11.0.8.10\bin\jli.dll
0x00007ffa7de60000 - 0x00007ffa7e000000 	C:\WINDOWS\System32\USER32.dll
0x00007ffa65f70000 - 0x00007ffa6620a000 	C:\WINDOWS\WinSxS\amd64_microsoft.windows.common-controls_6595b64144ccf1df_6.0.19041.844_none_ca00b6081b84eb1d\COMCTL32.dll
0x00007ffa7d2c0000 - 0x00007ffa7d2e2000 	C:\WINDOWS\System32\win32u.dll
0x00007ffa7ec60000 - 0x00007ffa7ecfe000 	C:\WINDOWS\System32\msvcrt.dll
0x00007ffa7ec30000 - 0x00007ffa7ec5a000 	C:\WINDOWS\System32\GDI32.dll
0x00007ffa7cce0000 - 0x00007ffa7cdeb000 	C:\WINDOWS\System32\gdi32full.dll
0x00007ffa7d220000 - 0x00007ffa7d2bd000 	C:\WINDOWS\System32\msvcp_win.dll
0x00007ffa7d4b0000 - 0x00007ffa7d4e0000 	C:\WINDOWS\System32\IMM32.DLL
0x00007ffa55e70000 - 0x00007ffa55f0b000 	C:\jdk-11.0.8.10\bin\msvcp140.dll
0x00007ffa2fec0000 - 0x00007ffa3097d000 	C:\jdk-11.0.8.10\bin\server\jvm.dll
0x00007ffa7eff0000 - 0x00007ffa7f09c000 	C:\WINDOWS\System32\ADVAPI32.dll
0x00007ffa7ddc0000 - 0x00007ffa7de5b000 	C:\WINDOWS\System32\sechost.dll
0x00007ffa7e010000 - 0x00007ffa7e13b000 	C:\WINDOWS\System32\RPCRT4.dll
0x00007ffa7f0a0000 - 0x00007ffa7f0a8000 	C:\WINDOWS\System32\PSAPI.DLL
0x00007ffa6d470000 - 0x00007ffa6d479000 	C:\WINDOWS\SYSTEM32\WSOCK32.dll
0x00007ffa6d480000 - 0x00007ffa6d4a7000 	C:\WINDOWS\SYSTEM32\WINMM.dll
0x00007ffa75170000 - 0x00007ffa7517a000 	C:\WINDOWS\SYSTEM32\VERSION.dll
0x00007ffa7edf0000 - 0x00007ffa7ee5b000 	C:\WINDOWS\System32\WS2_32.dll
0x00007ffa7a930000 - 0x00007ffa7a942000 	C:\WINDOWS\SYSTEM32\kernel.appcore.dll
0x00007ffa5cbb0000 - 0x00007ffa5cbc0000 	C:\jdk-11.0.8.10\bin\verify.dll
0x00007ffa74810000 - 0x00007ffa749f4000 	C:\WINDOWS\SYSTEM32\DBGHELP.DLL
0x00007ffa747e0000 - 0x00007ffa7480c000 	C:\WINDOWS\SYSTEM32\dbgcore.DLL
0x00007ffa7ce80000 - 0x00007ffa7cf00000 	C:\WINDOWS\System32\bcryptPrimitives.dll
0x00007ffa40c20000 - 0x00007ffa40c48000 	C:\jdk-11.0.8.10\bin\java.dll
0x00007ffa5bf70000 - 0x00007ffa5bf7a000 	C:\jdk-11.0.8.10\bin\jimage.dll
0x00007ffa4bac0000 - 0x00007ffa4bad7000 	C:\jdk-11.0.8.10\bin\zip.dll

dbghelp: loaded successfully - version: 4.0.5 - missing functions: none
symbol engine: initialized successfully - sym options: 0x614 - pdb path: .;C:\jdk-11.0.8.10\bin;C:\WINDOWS\SYSTEM32;C:\WINDOWS\WinSxS\amd64_microsoft.windows.common-controls_6595b64144ccf1df_6.0.19041.844_none_ca00b6081b84eb1d;C:\jdk-11.0.8.10\bin\server

VM Arguments:
jvm_args: -Dfile.encoding=MS950 --module-path=C:\Users\user\eclipse-workspace\mysql-connector-java-8.0.16.jar 
java_command: Main
java_class_path (initial): C:\Users\user\eclipse-workspace\Final Project\bin;C:\Users\user\eclipse-workspace\WeatherForecast\target\classes;C:\Users\user\.m2\repository\net\sf\json-lib\json-lib\2.4\json-lib-2.4-jdk15.jar;C:\Users\user\.m2\repository\commons-beanutils\commons-beanutils\1.8.0\commons-beanutils-1.8.0.jar;C:\Users\user\.m2\repository\commons-collections\commons-collections\3.2.1\commons-collections-3.2.1.jar;C:\Users\user\.m2\repository\commons-lang\commons-lang\2.5\commons-lang-2.5.jar;C:\Users\user\.m2\repository\commons-logging\commons-logging\1.1.1\commons-logging-1.1.1.jar;C:\Users\user\.m2\repository\net\sf\ezmorph\ezmorph\1.0.6\ezmorph-1.0.6.jar
Launcher Type: SUN_STANDARD

[Global flags]
     intx CICompilerCount                          = 4                                         {product} {ergonomic}
     uint ConcGCThreads                            = 2                                         {product} {ergonomic}
     uint G1ConcRefinementThreads                  = 8                                         {product} {ergonomic}
   size_t G1HeapRegionSize                         = 1048576                                   {product} {ergonomic}
    uintx GCDrainStackTargetSize                   = 64                                        {product} {ergonomic}
   size_t InitialHeapSize                          = 132120576                                 {product} {ergonomic}
   size_t MarkStackSize                            = 4194304                                   {product} {ergonomic}
   size_t MaxHeapSize                              = 2097152000                                {product} {ergonomic}
   size_t MinHeapDeltaBytes                        = 1048576                                   {product} {ergonomic}
    uintx NonNMethodCodeHeapSize                   = 5836300                                {pd product} {ergonomic}
    uintx NonProfiledCodeHeapSize                  = 122910970                              {pd product} {ergonomic}
    uintx ProfiledCodeHeapSize                     = 122910970                              {pd product} {ergonomic}
    uintx ReservedCodeCacheSize                    = 251658240                              {pd product} {ergonomic}
     bool SegmentedCodeCache                       = true                                      {product} {ergonomic}
     bool UseCompressedClassPointers               = true                                 {lp64_product} {ergonomic}
     bool UseCompressedOops                        = true                                 {lp64_product} {ergonomic}
     bool UseG1GC                                  = true                                      {product} {ergonomic}
     bool UseLargePagesIndividualAllocation        = false                                  {pd product} {ergonomic}

Logging:
Log output configuration:
 #0: stdout all=warning uptime,level,tags
 #1: stderr all=off uptime,level,tags

Environment Variables:
JAVA_HOME=C:\jdk-11.0.8.10
CLASSPATH=.;C:\mysql-connector-java-8.0.23.tar\mysql-connector-java-8.0.23.jar;%CLASSPATH%
PATH=C:/jdk-11.0.8.10/bin/client;C:/jdk-11.0.8.10/bin;C:\jdk-11.0.8.10\bin;C:\Windows\system32;C:\Windows;C:\Windows\System32\Wbem;C:\Windows\System32\WindowsPowerShell\v1.0\;C:\Windows\System32\OpenSSH\;C:\Program Files (x86)\NVIDIA Corporation\PhysX\Common;C:\Program Files\NVIDIA Corporation\NVIDIA NvDLISR;C:\jdk-11.0.8.10\bin;;C:\WINDOWS\system32;C:\WINDOWS;C:\WINDOWS\System32\Wbem;C:\WINDOWS\System32\WindowsPowerShell\v1.0\;C:\WINDOWS\System32\OpenSSH\;C:\Users\user\AppData\Local\Microsoft\WindowsApps;;C:\jdk-11.0.8.10\eclipse;
USERNAME=user
OS=Windows_NT
PROCESSOR_IDENTIFIER=AMD64 Family 23 Model 24 Stepping 1, AuthenticAMD



---------------  S Y S T E M  ---------------

OS: Windows 10 , 64 bit Build 19041 (10.0.19041.928)
OS uptime: 23 days 19:09 hours

CPU:total 8 (initial active 8) (8 cores per cpu, 2 threads per core) family 23 model 24 stepping 1, cmov, cx8, fxsr, mmx, sse, sse2, sse3, ssse3, sse4.1, sse4.2, popcnt, avx, avx2, aes, clmul, mmxext, 3dnowpref, lzcnt, sse4a, ht, tsc, tscinvbit, tscinv, bmi1, bmi2, adx, sha, fma

Memory: 4k page, system-wide physical 7999M (556M free)
TotalPageFile size 32575M (AvailPageFile size 54M)
current process WorkingSet (physical memory assigned to process): 10M, peak: 10M
current process commit charge ("private bytes"): 60M, peak: 186M

vm_info: OpenJDK 64-Bit Server VM (11.0.8+10) for windows-amd64 JRE (11.0.8+10), built on Jul 15 2020 11:45:54 by "" with MS VC++ 15.9 (VS2017)

END.
