#
# There is insufficient memory for the Java Runtime Environment to continue.
# Native memory allocation (malloc) failed to allocate 40672 bytes for Chunk::new
# Possible reasons:
#   The system is out of physical RAM or swap space
#   The process is running with CompressedOops enabled, and the Java Heap may be blocking the growth of the native heap
# Possible solutions:
#   Reduce memory load on the system
#   Increase physical memory or swap space
#   Check if swap backing store is full
#   Decrease Java heap size (-Xmx/-Xms)
#   Decrease number of Java threads
#   Decrease Java thread stack sizes (-Xss)
#   Set larger code cache with -XX:ReservedCodeCacheSize=
#   JVM is running with Unscaled Compressed Oops mode in which the Java heap is
#     placed in the first 4GB address space. The Java Heap base address is the
#     maximum limit for the native heap growth. Please use -XX:HeapBaseMinAddress
#     to set the Java Heap base and to place the Java Heap above 4GB virtual address.
# This output file may be truncated or incomplete.
#
#  Out of Memory Error (./src/hotspot/share/memory/arena.cpp:197), pid=18932, tid=4196
#
# JRE version: OpenJDK Runtime Environment AdoptOpenJDK (11.0.8+10) (build 11.0.8+10)
# Java VM: OpenJDK 64-Bit Server VM AdoptOpenJDK (11.0.8+10, mixed mode, tiered, compressed oops, g1 gc, windows-amd64)
# No core dump will be written. Minidumps are not enabled by default on client versions of Windows
#

---------------  S U M M A R Y ------------

Command Line: -Dfile.encoding=MS950 --module-path=C:\Users\user\eclipse-workspace\mysql-connector-java-8.0.16.jar Main

Host: AMD Ryzen 7 3750H with Radeon Vega Mobile Gfx  , 8 cores, 7G,  Windows 10 , 64 bit Build 19041 (10.0.19041.928)
Time: Tue May 11 23:38:48 2021 台北標準時間 elapsed time: 0 seconds (0d 0h 0m 0s)

---------------  T H R E A D  ---------------

Current thread (0x000001863710c000):  JavaThread "C2 CompilerThread0" daemon [_thread_in_native, id=4196, stack(0x0000002859400000,0x0000002859500000)]


Current CompileTask:
C2:    544  702       4       jdk.internal.org.objectweb.asm.Frame::execute (2264 bytes)

Stack: [0x0000002859400000,0x0000002859500000]
Native frames: (J=compiled Java code, j=interpreted, Vv=VM code, C=native code)
V  [jvm.dll+0x5dfa5a]
V  [jvm.dll+0x7175ce]
V  [jvm.dll+0x718c9f]
V  [jvm.dll+0x719363]
V  [jvm.dll+0x240e48]
V  [jvm.dll+0xb96ac]
V  [jvm.dll+0xb9dac]
V  [jvm.dll+0x500043]
V  [jvm.dll+0x1fc0d7]
V  [jvm.dll+0x1f99bf]
V  [jvm.dll+0x17e4ec]
V  [jvm.dll+0x208f27]
V  [jvm.dll+0x20710b]
V  [jvm.dll+0x6dc339]
V  [jvm.dll+0x6d53e4]
V  [jvm.dll+0x5de996]
C  [ucrtbase.dll+0x21bb2]
C  [KERNEL32.DLL+0x17034]
C  [ntdll.dll+0x52651]


---------------  P R O C E S S  ---------------

Threads class SMR info:
_java_thread_list=0x00000186376a0ce0, length=14, elements={
0x0000018617206800, 0x0000018636826800, 0x0000018636832000, 0x0000018636853000,
0x0000018636855000, 0x000001863710c000, 0x000001863685c800, 0x0000018637115000,
0x0000018637280000, 0x0000018637350800, 0x00000186374e4800, 0x000001863767b800,
0x000001863767f000, 0x00000186376dc800
}

Java Threads: ( => current thread )
  0x0000018617206800 JavaThread "main" [_thread_in_vm, id=35296, stack(0x0000002858900000,0x0000002858a00000)]
  0x0000018636826800 JavaThread "Reference Handler" daemon [_thread_blocked, id=30560, stack(0x0000002859000000,0x0000002859100000)]
  0x0000018636832000 JavaThread "Finalizer" daemon [_thread_blocked, id=28992, stack(0x0000002859100000,0x0000002859200000)]
  0x0000018636853000 JavaThread "Signal Dispatcher" daemon [_thread_blocked, id=33764, stack(0x0000002859200000,0x0000002859300000)]
  0x0000018636855000 JavaThread "Attach Listener" daemon [_thread_blocked, id=24336, stack(0x0000002859300000,0x0000002859400000)]
=>0x000001863710c000 JavaThread "C2 CompilerThread0" daemon [_thread_in_native, id=4196, stack(0x0000002859400000,0x0000002859500000)]
  0x000001863685c800 JavaThread "C1 CompilerThread0" daemon [_thread_blocked, id=9696, stack(0x0000002859500000,0x0000002859600000)]
  0x0000018637115000 JavaThread "Sweeper thread" daemon [_thread_blocked, id=6620, stack(0x0000002859600000,0x0000002859700000)]
  0x0000018637280000 JavaThread "Common-Cleaner" daemon [_thread_blocked, id=27176, stack(0x0000002859700000,0x0000002859800000)]
  0x0000018637350800 JavaThread "C2 CompilerThread1" daemon [_thread_in_native, id=8984, stack(0x0000002859800000,0x0000002859900000)]
  0x00000186374e4800 JavaThread "Service Thread" daemon [_thread_blocked, id=20904, stack(0x0000002859900000,0x0000002859a00000)]
  0x000001863767b800 JavaThread "Java2D Disposer" daemon [_thread_blocked, id=11136, stack(0x0000002859b00000,0x0000002859c00000)]
  0x000001863767f000 JavaThread "AWT-Shutdown" [_thread_blocked, id=23796, stack(0x0000002859c00000,0x0000002859d00000)]
  0x00000186376dc800 JavaThread "AWT-Windows" daemon [_thread_in_native, id=36016, stack(0x0000002859d00000,0x0000002859e00000)]

Other Threads:
  0x0000018636824000 VMThread "VM Thread" [stack: 0x0000002858f00000,0x0000002859000000] [id=22476]
  0x0000018637469800 WatcherThread [stack: 0x0000002859a00000,0x0000002859b00000] [id=29312]
  0x000001861721e800 GCTaskThread "GC Thread#0" [stack: 0x0000002858a00000,0x0000002858b00000] [id=31248]
  0x0000018617253000 ConcurrentGCThread "G1 Main Marker" [stack: 0x0000002858b00000,0x0000002858c00000] [id=21536]
  0x0000018617259000 ConcurrentGCThread "G1 Conc#0" [stack: 0x0000002858c00000,0x0000002858d00000] [id=21704]
  0x0000018636670800 ConcurrentGCThread "G1 Refine#0" [stack: 0x0000002858d00000,0x0000002858e00000] [id=28740]
  0x0000018636671800 ConcurrentGCThread "G1 Young RemSet Sampling" [stack: 0x0000002858e00000,0x0000002858f00000] [id=3140]

Threads with active compile tasks:
C2 CompilerThread0    573  702       4       jdk.internal.org.objectweb.asm.Frame::execute (2264 bytes)
C2 CompilerThread1    573  689       4       jdk.internal.org.objectweb.asm.ClassWriter::newUTF8 (70 bytes)

VM state:not at safepoint (normal execution)

VM Mutex/Monitor currently owned by a thread: None

Heap address: 0x0000000083000000, size: 2000 MB, Compressed Oops mode: 32-bit
Narrow klass base: 0x0000000000000000, Narrow klass shift: 3
Compressed class space size: 1073741824 Address: 0x0000000100000000

Heap:
 garbage-first heap   total 129024K, used 7168K [0x0000000083000000, 0x0000000100000000)
  region size 1024K, 8 young (8192K), 0 survivors (0K)
 Metaspace       used 10904K, capacity 11211K, committed 11264K, reserved 1058816K
  class space    used 1088K, capacity 1230K, committed 1280K, reserved 1048576K
Heap Regions: E=young(eden), S=young(survivor), O=old, HS=humongous(starts), HC=humongous(continues), CS=collection set, F=free, A=archive, TAMS=top-at-mark-start (previous, next)
|   0|0x0000000083000000, 0x0000000083000000, 0x0000000083100000|  0%| F|  |TAMS 0x0000000083000000, 0x0000000083000000| Untracked 
|   1|0x0000000083100000, 0x0000000083100000, 0x0000000083200000|  0%| F|  |TAMS 0x0000000083100000, 0x0000000083100000| Untracked 
|   2|0x0000000083200000, 0x0000000083200000, 0x0000000083300000|  0%| F|  |TAMS 0x0000000083200000, 0x0000000083200000| Untracked 
|   3|0x0000000083300000, 0x0000000083300000, 0x0000000083400000|  0%| F|  |TAMS 0x0000000083300000, 0x0000000083300000| Untracked 
|   4|0x0000000083400000, 0x0000000083400000, 0x0000000083500000|  0%| F|  |TAMS 0x0000000083400000, 0x0000000083400000| Untracked 
|   5|0x0000000083500000, 0x0000000083500000, 0x0000000083600000|  0%| F|  |TAMS 0x0000000083500000, 0x0000000083500000| Untracked 
|   6|0x0000000083600000, 0x0000000083600000, 0x0000000083700000|  0%| F|  |TAMS 0x0000000083600000, 0x0000000083600000| Untracked 
|   7|0x0000000083700000, 0x0000000083700000, 0x0000000083800000|  0%| F|  |TAMS 0x0000000083700000, 0x0000000083700000| Untracked 
|   8|0x0000000083800000, 0x0000000083800000, 0x0000000083900000|  0%| F|  |TAMS 0x0000000083800000, 0x0000000083800000| Untracked 
|   9|0x0000000083900000, 0x0000000083900000, 0x0000000083a00000|  0%| F|  |TAMS 0x0000000083900000, 0x0000000083900000| Untracked 
|  10|0x0000000083a00000, 0x0000000083a00000, 0x0000000083b00000|  0%| F|  |TAMS 0x0000000083a00000, 0x0000000083a00000| Untracked 
|  11|0x0000000083b00000, 0x0000000083b00000, 0x0000000083c00000|  0%| F|  |TAMS 0x0000000083b00000, 0x0000000083b00000| Untracked 
|  12|0x0000000083c00000, 0x0000000083c00000, 0x0000000083d00000|  0%| F|  |TAMS 0x0000000083c00000, 0x0000000083c00000| Untracked 
|  13|0x0000000083d00000, 0x0000000083d00000, 0x0000000083e00000|  0%| F|  |TAMS 0x0000000083d00000, 0x0000000083d00000| Untracked 
|  14|0x0000000083e00000, 0x0000000083e00000, 0x0000000083f00000|  0%| F|  |TAMS 0x0000000083e00000, 0x0000000083e00000| Untracked 
|  15|0x0000000083f00000, 0x0000000083f00000, 0x0000000084000000|  0%| F|  |TAMS 0x0000000083f00000, 0x0000000083f00000| Untracked 
|  16|0x0000000084000000, 0x0000000084000000, 0x0000000084100000|  0%| F|  |TAMS 0x0000000084000000, 0x0000000084000000| Untracked 
|  17|0x0000000084100000, 0x0000000084100000, 0x0000000084200000|  0%| F|  |TAMS 0x0000000084100000, 0x0000000084100000| Untracked 
|  18|0x0000000084200000, 0x0000000084200000, 0x0000000084300000|  0%| F|  |TAMS 0x0000000084200000, 0x0000000084200000| Untracked 
|  19|0x0000000084300000, 0x0000000084300000, 0x0000000084400000|  0%| F|  |TAMS 0x0000000084300000, 0x0000000084300000| Untracked 
|  20|0x0000000084400000, 0x0000000084400000, 0x0000000084500000|  0%| F|  |TAMS 0x0000000084400000, 0x0000000084400000| Untracked 
|  21|0x0000000084500000, 0x0000000084500000, 0x0000000084600000|  0%| F|  |TAMS 0x0000000084500000, 0x0000000084500000| Untracked 
|  22|0x0000000084600000, 0x0000000084600000, 0x0000000084700000|  0%| F|  |TAMS 0x0000000084600000, 0x0000000084600000| Untracked 
|  23|0x0000000084700000, 0x0000000084700000, 0x0000000084800000|  0%| F|  |TAMS 0x0000000084700000, 0x0000000084700000| Untracked 
|  24|0x0000000084800000, 0x0000000084800000, 0x0000000084900000|  0%| F|  |TAMS 0x0000000084800000, 0x0000000084800000| Untracked 
|  25|0x0000000084900000, 0x0000000084900000, 0x0000000084a00000|  0%| F|  |TAMS 0x0000000084900000, 0x0000000084900000| Untracked 
|  26|0x0000000084a00000, 0x0000000084a00000, 0x0000000084b00000|  0%| F|  |TAMS 0x0000000084a00000, 0x0000000084a00000| Untracked 
|  27|0x0000000084b00000, 0x0000000084b00000, 0x0000000084c00000|  0%| F|  |TAMS 0x0000000084b00000, 0x0000000084b00000| Untracked 
|  28|0x0000000084c00000, 0x0000000084c00000, 0x0000000084d00000|  0%| F|  |TAMS 0x0000000084c00000, 0x0000000084c00000| Untracked 
|  29|0x0000000084d00000, 0x0000000084d00000, 0x0000000084e00000|  0%| F|  |TAMS 0x0000000084d00000, 0x0000000084d00000| Untracked 
|  30|0x0000000084e00000, 0x0000000084e00000, 0x0000000084f00000|  0%| F|  |TAMS 0x0000000084e00000, 0x0000000084e00000| Untracked 
|  31|0x0000000084f00000, 0x0000000084f00000, 0x0000000085000000|  0%| F|  |TAMS 0x0000000084f00000, 0x0000000084f00000| Untracked 
|  32|0x0000000085000000, 0x0000000085000000, 0x0000000085100000|  0%| F|  |TAMS 0x0000000085000000, 0x0000000085000000| Untracked 
|  33|0x0000000085100000, 0x0000000085100000, 0x0000000085200000|  0%| F|  |TAMS 0x0000000085100000, 0x0000000085100000| Untracked 
|  34|0x0000000085200000, 0x0000000085200000, 0x0000000085300000|  0%| F|  |TAMS 0x0000000085200000, 0x0000000085200000| Untracked 
|  35|0x0000000085300000, 0x0000000085300000, 0x0000000085400000|  0%| F|  |TAMS 0x0000000085300000, 0x0000000085300000| Untracked 
|  36|0x0000000085400000, 0x0000000085400000, 0x0000000085500000|  0%| F|  |TAMS 0x0000000085400000, 0x0000000085400000| Untracked 
|  37|0x0000000085500000, 0x0000000085500000, 0x0000000085600000|  0%| F|  |TAMS 0x0000000085500000, 0x0000000085500000| Untracked 
|  38|0x0000000085600000, 0x0000000085600000, 0x0000000085700000|  0%| F|  |TAMS 0x0000000085600000, 0x0000000085600000| Untracked 
|  39|0x0000000085700000, 0x0000000085700000, 0x0000000085800000|  0%| F|  |TAMS 0x0000000085700000, 0x0000000085700000| Untracked 
|  40|0x0000000085800000, 0x0000000085800000, 0x0000000085900000|  0%| F|  |TAMS 0x0000000085800000, 0x0000000085800000| Untracked 
|  41|0x0000000085900000, 0x0000000085900000, 0x0000000085a00000|  0%| F|  |TAMS 0x0000000085900000, 0x0000000085900000| Untracked 
|  42|0x0000000085a00000, 0x0000000085a00000, 0x0000000085b00000|  0%| F|  |TAMS 0x0000000085a00000, 0x0000000085a00000| Untracked 
|  43|0x0000000085b00000, 0x0000000085b00000, 0x0000000085c00000|  0%| F|  |TAMS 0x0000000085b00000, 0x0000000085b00000| Untracked 
|  44|0x0000000085c00000, 0x0000000085c00000, 0x0000000085d00000|  0%| F|  |TAMS 0x0000000085c00000, 0x0000000085c00000| Untracked 
|  45|0x0000000085d00000, 0x0000000085d00000, 0x0000000085e00000|  0%| F|  |TAMS 0x0000000085d00000, 0x0000000085d00000| Untracked 
|  46|0x0000000085e00000, 0x0000000085e00000, 0x0000000085f00000|  0%| F|  |TAMS 0x0000000085e00000, 0x0000000085e00000| Untracked 
|  47|0x0000000085f00000, 0x0000000085f00000, 0x0000000086000000|  0%| F|  |TAMS 0x0000000085f00000, 0x0000000085f00000| Untracked 
|  48|0x0000000086000000, 0x0000000086000000, 0x0000000086100000|  0%| F|  |TAMS 0x0000000086000000, 0x0000000086000000| Untracked 
|  49|0x0000000086100000, 0x0000000086100000, 0x0000000086200000|  0%| F|  |TAMS 0x0000000086100000, 0x0000000086100000| Untracked 
|  50|0x0000000086200000, 0x0000000086200000, 0x0000000086300000|  0%| F|  |TAMS 0x0000000086200000, 0x0000000086200000| Untracked 
|  51|0x0000000086300000, 0x0000000086300000, 0x0000000086400000|  0%| F|  |TAMS 0x0000000086300000, 0x0000000086300000| Untracked 
|  52|0x0000000086400000, 0x0000000086400000, 0x0000000086500000|  0%| F|  |TAMS 0x0000000086400000, 0x0000000086400000| Untracked 
|  53|0x0000000086500000, 0x0000000086500000, 0x0000000086600000|  0%| F|  |TAMS 0x0000000086500000, 0x0000000086500000| Untracked 
|  54|0x0000000086600000, 0x0000000086600000, 0x0000000086700000|  0%| F|  |TAMS 0x0000000086600000, 0x0000000086600000| Untracked 
|  55|0x0000000086700000, 0x0000000086700000, 0x0000000086800000|  0%| F|  |TAMS 0x0000000086700000, 0x0000000086700000| Untracked 
|  56|0x0000000086800000, 0x0000000086800000, 0x0000000086900000|  0%| F|  |TAMS 0x0000000086800000, 0x0000000086800000| Untracked 
|  57|0x0000000086900000, 0x0000000086900000, 0x0000000086a00000|  0%| F|  |TAMS 0x0000000086900000, 0x0000000086900000| Untracked 
|  58|0x0000000086a00000, 0x0000000086a00000, 0x0000000086b00000|  0%| F|  |TAMS 0x0000000086a00000, 0x0000000086a00000| Untracked 
|  59|0x0000000086b00000, 0x0000000086b00000, 0x0000000086c00000|  0%| F|  |TAMS 0x0000000086b00000, 0x0000000086b00000| Untracked 
|  60|0x0000000086c00000, 0x0000000086c00000, 0x0000000086d00000|  0%| F|  |TAMS 0x0000000086c00000, 0x0000000086c00000| Untracked 
|  61|0x0000000086d00000, 0x0000000086d00000, 0x0000000086e00000|  0%| F|  |TAMS 0x0000000086d00000, 0x0000000086d00000| Untracked 
|  62|0x0000000086e00000, 0x0000000086e00000, 0x0000000086f00000|  0%| F|  |TAMS 0x0000000086e00000, 0x0000000086e00000| Untracked 
|  63|0x0000000086f00000, 0x0000000086f00000, 0x0000000087000000|  0%| F|  |TAMS 0x0000000086f00000, 0x0000000086f00000| Untracked 
|  64|0x0000000087000000, 0x0000000087000000, 0x0000000087100000|  0%| F|  |TAMS 0x0000000087000000, 0x0000000087000000| Untracked 
|  65|0x0000000087100000, 0x0000000087100000, 0x0000000087200000|  0%| F|  |TAMS 0x0000000087100000, 0x0000000087100000| Untracked 
|  66|0x0000000087200000, 0x0000000087200000, 0x0000000087300000|  0%| F|  |TAMS 0x0000000087200000, 0x0000000087200000| Untracked 
|  67|0x0000000087300000, 0x0000000087300000, 0x0000000087400000|  0%| F|  |TAMS 0x0000000087300000, 0x0000000087300000| Untracked 
|  68|0x0000000087400000, 0x0000000087400000, 0x0000000087500000|  0%| F|  |TAMS 0x0000000087400000, 0x0000000087400000| Untracked 
|  69|0x0000000087500000, 0x0000000087500000, 0x0000000087600000|  0%| F|  |TAMS 0x0000000087500000, 0x0000000087500000| Untracked 
|  70|0x0000000087600000, 0x0000000087600000, 0x0000000087700000|  0%| F|  |TAMS 0x0000000087600000, 0x0000000087600000| Untracked 
|  71|0x0000000087700000, 0x0000000087700000, 0x0000000087800000|  0%| F|  |TAMS 0x0000000087700000, 0x0000000087700000| Untracked 
|  72|0x0000000087800000, 0x0000000087800000, 0x0000000087900000|  0%| F|  |TAMS 0x0000000087800000, 0x0000000087800000| Untracked 
|  73|0x0000000087900000, 0x0000000087900000, 0x0000000087a00000|  0%| F|  |TAMS 0x0000000087900000, 0x0000000087900000| Untracked 
|  74|0x0000000087a00000, 0x0000000087a00000, 0x0000000087b00000|  0%| F|  |TAMS 0x0000000087a00000, 0x0000000087a00000| Untracked 
|  75|0x0000000087b00000, 0x0000000087b00000, 0x0000000087c00000|  0%| F|  |TAMS 0x0000000087b00000, 0x0000000087b00000| Untracked 
|  76|0x0000000087c00000, 0x0000000087c00000, 0x0000000087d00000|  0%| F|  |TAMS 0x0000000087c00000, 0x0000000087c00000| Untracked 
|  77|0x0000000087d00000, 0x0000000087d00000, 0x0000000087e00000|  0%| F|  |TAMS 0x0000000087d00000, 0x0000000087d00000| Untracked 
|  78|0x0000000087e00000, 0x0000000087e00000, 0x0000000087f00000|  0%| F|  |TAMS 0x0000000087e00000, 0x0000000087e00000| Untracked 
|  79|0x0000000087f00000, 0x0000000087f00000, 0x0000000088000000|  0%| F|  |TAMS 0x0000000087f00000, 0x0000000087f00000| Untracked 
|  80|0x0000000088000000, 0x0000000088000000, 0x0000000088100000|  0%| F|  |TAMS 0x0000000088000000, 0x0000000088000000| Untracked 
|  81|0x0000000088100000, 0x0000000088100000, 0x0000000088200000|  0%| F|  |TAMS 0x0000000088100000, 0x0000000088100000| Untracked 
|  82|0x0000000088200000, 0x0000000088200000, 0x0000000088300000|  0%| F|  |TAMS 0x0000000088200000, 0x0000000088200000| Untracked 
|  83|0x0000000088300000, 0x0000000088300000, 0x0000000088400000|  0%| F|  |TAMS 0x0000000088300000, 0x0000000088300000| Untracked 
|  84|0x0000000088400000, 0x0000000088400000, 0x0000000088500000|  0%| F|  |TAMS 0x0000000088400000, 0x0000000088400000| Untracked 
|  85|0x0000000088500000, 0x0000000088500000, 0x0000000088600000|  0%| F|  |TAMS 0x0000000088500000, 0x0000000088500000| Untracked 
|  86|0x0000000088600000, 0x0000000088600000, 0x0000000088700000|  0%| F|  |TAMS 0x0000000088600000, 0x0000000088600000| Untracked 
|  87|0x0000000088700000, 0x0000000088700000, 0x0000000088800000|  0%| F|  |TAMS 0x0000000088700000, 0x0000000088700000| Untracked 
|  88|0x0000000088800000, 0x0000000088800000, 0x0000000088900000|  0%| F|  |TAMS 0x0000000088800000, 0x0000000088800000| Untracked 
|  89|0x0000000088900000, 0x0000000088900000, 0x0000000088a00000|  0%| F|  |TAMS 0x0000000088900000, 0x0000000088900000| Untracked 
|  90|0x0000000088a00000, 0x0000000088a00000, 0x0000000088b00000|  0%| F|  |TAMS 0x0000000088a00000, 0x0000000088a00000| Untracked 
|  91|0x0000000088b00000, 0x0000000088b00000, 0x0000000088c00000|  0%| F|  |TAMS 0x0000000088b00000, 0x0000000088b00000| Untracked 
|  92|0x0000000088c00000, 0x0000000088c00000, 0x0000000088d00000|  0%| F|  |TAMS 0x0000000088c00000, 0x0000000088c00000| Untracked 
|  93|0x0000000088d00000, 0x0000000088d00000, 0x0000000088e00000|  0%| F|  |TAMS 0x0000000088d00000, 0x0000000088d00000| Untracked 
|  94|0x0000000088e00000, 0x0000000088e00000, 0x0000000088f00000|  0%| F|  |TAMS 0x0000000088e00000, 0x0000000088e00000| Untracked 
|  95|0x0000000088f00000, 0x0000000088f00000, 0x0000000089000000|  0%| F|  |TAMS 0x0000000088f00000, 0x0000000088f00000| Untracked 
|  96|0x0000000089000000, 0x0000000089000000, 0x0000000089100000|  0%| F|  |TAMS 0x0000000089000000, 0x0000000089000000| Untracked 
|  97|0x0000000089100000, 0x0000000089100000, 0x0000000089200000|  0%| F|  |TAMS 0x0000000089100000, 0x0000000089100000| Untracked 
|  98|0x0000000089200000, 0x0000000089200000, 0x0000000089300000|  0%| F|  |TAMS 0x0000000089200000, 0x0000000089200000| Untracked 
|  99|0x0000000089300000, 0x0000000089300000, 0x0000000089400000|  0%| F|  |TAMS 0x0000000089300000, 0x0000000089300000| Untracked 
| 100|0x0000000089400000, 0x0000000089400000, 0x0000000089500000|  0%| F|  |TAMS 0x0000000089400000, 0x0000000089400000| Untracked 
| 101|0x0000000089500000, 0x0000000089500000, 0x0000000089600000|  0%| F|  |TAMS 0x0000000089500000, 0x0000000089500000| Untracked 
| 102|0x0000000089600000, 0x0000000089600000, 0x0000000089700000|  0%| F|  |TAMS 0x0000000089600000, 0x0000000089600000| Untracked 
| 103|0x0000000089700000, 0x0000000089700000, 0x0000000089800000|  0%| F|  |TAMS 0x0000000089700000, 0x0000000089700000| Untracked 
| 104|0x0000000089800000, 0x0000000089800000, 0x0000000089900000|  0%| F|  |TAMS 0x0000000089800000, 0x0000000089800000| Untracked 
| 105|0x0000000089900000, 0x0000000089900000, 0x0000000089a00000|  0%| F|  |TAMS 0x0000000089900000, 0x0000000089900000| Untracked 
| 106|0x0000000089a00000, 0x0000000089a00000, 0x0000000089b00000|  0%| F|  |TAMS 0x0000000089a00000, 0x0000000089a00000| Untracked 
| 107|0x0000000089b00000, 0x0000000089b00000, 0x0000000089c00000|  0%| F|  |TAMS 0x0000000089b00000, 0x0000000089b00000| Untracked 
| 108|0x0000000089c00000, 0x0000000089c00000, 0x0000000089d00000|  0%| F|  |TAMS 0x0000000089c00000, 0x0000000089c00000| Untracked 
| 109|0x0000000089d00000, 0x0000000089d00000, 0x0000000089e00000|  0%| F|  |TAMS 0x0000000089d00000, 0x0000000089d00000| Untracked 
| 110|0x0000000089e00000, 0x0000000089e00000, 0x0000000089f00000|  0%| F|  |TAMS 0x0000000089e00000, 0x0000000089e00000| Untracked 
| 111|0x0000000089f00000, 0x0000000089f00000, 0x000000008a000000|  0%| F|  |TAMS 0x0000000089f00000, 0x0000000089f00000| Untracked 
| 112|0x000000008a000000, 0x000000008a000000, 0x000000008a100000|  0%| F|  |TAMS 0x000000008a000000, 0x000000008a000000| Untracked 
| 113|0x000000008a100000, 0x000000008a100000, 0x000000008a200000|  0%| F|  |TAMS 0x000000008a100000, 0x000000008a100000| Untracked 
| 114|0x000000008a200000, 0x000000008a200000, 0x000000008a300000|  0%| F|  |TAMS 0x000000008a200000, 0x000000008a200000| Untracked 
| 115|0x000000008a300000, 0x000000008a300000, 0x000000008a400000|  0%| F|  |TAMS 0x000000008a300000, 0x000000008a300000| Untracked 
| 116|0x000000008a400000, 0x000000008a400000, 0x000000008a500000|  0%| F|  |TAMS 0x000000008a400000, 0x000000008a400000| Untracked 
| 117|0x000000008a500000, 0x000000008a500000, 0x000000008a600000|  0%| F|  |TAMS 0x000000008a500000, 0x000000008a500000| Untracked 
| 118|0x000000008a600000, 0x000000008a700000, 0x000000008a700000|100%| E|  |TAMS 0x000000008a600000, 0x000000008a600000| Complete 
| 119|0x000000008a700000, 0x000000008a800000, 0x000000008a800000|100%| E|CS|TAMS 0x000000008a700000, 0x000000008a700000| Complete 
| 120|0x000000008a800000, 0x000000008a900000, 0x000000008a900000|100%| E|CS|TAMS 0x000000008a800000, 0x000000008a800000| Complete 
| 121|0x000000008a900000, 0x000000008aa00000, 0x000000008aa00000|100%| E|CS|TAMS 0x000000008a900000, 0x000000008a900000| Complete 
| 122|0x000000008aa00000, 0x000000008ab00000, 0x000000008ab00000|100%| E|CS|TAMS 0x000000008aa00000, 0x000000008aa00000| Complete 
| 123|0x000000008ab00000, 0x000000008ac00000, 0x000000008ac00000|100%| E|CS|TAMS 0x000000008ab00000, 0x000000008ab00000| Complete 
| 124|0x000000008ac00000, 0x000000008ad00000, 0x000000008ad00000|100%| E|CS|TAMS 0x000000008ac00000, 0x000000008ac00000| Complete 
| 125|0x000000008ad00000, 0x000000008ae00000, 0x000000008ae00000|100%| E|CS|TAMS 0x000000008ad00000, 0x000000008ad00000| Complete 

Card table byte_map: [0x000001862f6e0000,0x000001862fad0000] _byte_map_base: 0x000001862f2c8000

Marking Bits (Prev, Next): (CMBitMap*) 0x000001861724a5d8, (CMBitMap*) 0x000001861724a610
 Prev Bits: [0x000001862fec0000, 0x0000018631e00000)
 Next Bits: [0x0000018631e00000, 0x0000018633d40000)

Polling page: 0x00000186159e0000

Metaspace:

Usage:
  Non-class:      9.75 MB capacity,     9.59 MB ( 98%) used,   136.61 KB (  1%) free+waste,    27.94 KB ( <1%) overhead. 
      Class:      1.20 MB capacity,     1.06 MB ( 88%) used,   128.02 KB ( 10%) free+waste,    13.88 KB (  1%) overhead. 
       Both:     10.95 MB capacity,    10.65 MB ( 97%) used,   264.63 KB (  2%) free+waste,    41.81 KB ( <1%) overhead. 

Virtual space:
  Non-class space:       10.00 MB reserved,       9.75 MB ( 98%) committed 
      Class space:        1.00 GB reserved,       1.25 MB ( <1%) committed 
             Both:        1.01 GB reserved,      11.00 MB (  1%) committed 

Chunk freelists:
   Non-Class:  3.00 KB
       Class:  18.00 KB
        Both:  21.00 KB

MaxMetaspaceSize: 17179869184.00 GB
CompressedClassSpaceSize: 1.00 GB

CodeHeap 'non-profiled nmethods': size=120000Kb used=197Kb max_used=197Kb free=119802Kb
 bounds [0x0000018627350000, 0x00000186275c0000, 0x000001862e880000]
CodeHeap 'profiled nmethods': size=120000Kb used=1048Kb max_used=1048Kb free=118951Kb
 bounds [0x000001861fe20000, 0x0000018620090000, 0x0000018627350000]
CodeHeap 'non-nmethods': size=5760Kb used=1118Kb max_used=1126Kb free=4641Kb
 bounds [0x000001861f880000, 0x000001861faf0000, 0x000001861fe20000]
 total_blobs=1172 nmethods=724 adapters=360
 compilation: enabled
              stopped_count=0, restarted_count=0
 full_count=0

Compilation events (20 events):
Event: 0.535 Thread 0x000001863685c800  717       1       java.util.HashMap$Node::getKey (5 bytes)
Event: 0.535 Thread 0x000001863685c800 nmethod 717 0x0000018627380e10 code [0x0000018627380fc0, 0x0000018627381078]
Event: 0.535 Thread 0x000001863685c800  718       1       java.util.HashMap$Node::getValue (5 bytes)
Event: 0.535 Thread 0x000001863685c800 nmethod 718 0x0000018627381110 code [0x00000186273812c0, 0x0000018627381378]
Event: 0.535 Thread 0x000001863685c800  721       3       java.util.AbstractMap::<init> (5 bytes)
Event: 0.536 Thread 0x000001863685c800 nmethod 721 0x000001861ff23510 code [0x000001861ff236c0, 0x000001861ff23818]
Event: 0.536 Thread 0x000001863685c800  722       1       java.util.concurrent.atomic.AtomicInteger::get (5 bytes)
Event: 0.536 Thread 0x000001863685c800 nmethod 722 0x0000018627381410 code [0x00000186273815c0, 0x0000018627381678]
Event: 0.536 Thread 0x000001863685c800  723       3       java.util.IdentityHashMap$IdentityHashMapIterator::hasNext (50 bytes)
Event: 0.536 Thread 0x000001863685c800 nmethod 723 0x000001861ff23910 code [0x000001861ff23ac0, 0x000001861ff23cf8]
Event: 0.539 Thread 0x000001863685c800  725       3       java.lang.invoke.BootstrapMethodInvoker::maybeReBox (28 bytes)
Event: 0.539 Thread 0x000001863685c800 nmethod 725 0x000001861ff23e10 code [0x000001861ff24000, 0x000001861ff245d8]
Event: 0.540 Thread 0x000001863685c800  726       3       java.lang.invoke.ClassSpecializer$SpeciesData::fieldCount (10 bytes)
Event: 0.540 Thread 0x000001863685c800 nmethod 726 0x000001861ff24790 code [0x000001861ff24940, 0x000001861ff24b08]
Event: 0.540 Thread 0x000001863685c800  727       3       java.util.Arrays$ArrayItr::next (36 bytes)
Event: 0.540 Thread 0x000001863685c800 nmethod 727 0x000001861ff24c10 code [0x000001861ff24de0, 0x000001861ff24fc8]
Event: 0.540 Thread 0x000001863685c800  728       3       java.lang.invoke.LambdaForm::editor (5 bytes)
Event: 0.541 Thread 0x000001863685c800 nmethod 728 0x000001861ff25110 code [0x000001861ff252e0, 0x000001861ff25608]
Event: 0.541 Thread 0x000001863685c800  729       3       sun.awt.AppContext::getAppContext (51 bytes)
Event: 0.541 Thread 0x000001863685c800 nmethod 729 0x000001861ff25790 code [0x000001861ff259a0, 0x000001861ff25f58]

GC Heap History (0 events):
No events

Deoptimization events (12 events):
Event: 0.326 Thread 0x0000018617206800 Uncommon trap: trap_request=0xffffff4d fr.pc=0x000001862735ce00 relative=0x0000000000000160
Event: 0.326 Thread 0x0000018617206800 Uncommon trap: reason=unstable_if action=reinterpret pc=0x000001862735ce00 method=java.lang.StringCoding.hasNegatives([BII)Z @ 12 c2
Event: 0.326 Thread 0x0000018617206800 DEOPT PACKING pc=0x000001862735ce00 sp=0x00000028589fb130
Event: 0.326 Thread 0x0000018617206800 DEOPT UNPACKING pc=0x000001861f8a74af sp=0x00000028589fb0d8 mode 2
Event: 0.326 Thread 0x0000018617206800 Uncommon trap: trap_request=0xffffff4d fr.pc=0x0000018627354bbc relative=0x000000000000007c
Event: 0.326 Thread 0x0000018617206800 Uncommon trap: reason=unstable_if action=reinterpret pc=0x0000018627354bbc method=java.lang.String.charAt(I)C @ 4 c2
Event: 0.326 Thread 0x0000018617206800 DEOPT PACKING pc=0x0000018627354bbc sp=0x00000028589fb090
Event: 0.326 Thread 0x0000018617206800 DEOPT UNPACKING pc=0x000001861f8a74af sp=0x00000028589fb030 mode 2
Event: 0.522 Thread 0x0000018617206800 Uncommon trap: trap_request=0xffffff4d fr.pc=0x000001862735c194 relative=0x00000000000001f4
Event: 0.522 Thread 0x0000018617206800 Uncommon trap: reason=unstable_if action=reinterpret pc=0x000001862735c194 method=java.lang.String.hashCode()I @ 22 c2
Event: 0.522 Thread 0x0000018617206800 DEOPT PACKING pc=0x000001862735c194 sp=0x00000028589fdcc0
Event: 0.522 Thread 0x0000018617206800 DEOPT UNPACKING pc=0x000001861f8a74af sp=0x00000028589fdc48 mode 2

Classes redefined (0 events):
No events

Internal exceptions (15 events):
Event: 0.172 Thread 0x0000018617206800 Exception <a 'java/lang/NoSuchMethodError'{0x000000008ab54828}: 'int java.lang.invoke.DirectMethodHandle$Holder.invokeSpecialIFC(java.lang.Object, java.lang.Object, int)'> (0x000000008ab54828) thrown at [./src/hotspot/share/interpreter/linkResolver.cpp, line 773]
Event: 0.223 Thread 0x0000018617206800 Exception <a 'java/lang/NoSuchMethodError'{0x000000008aa4db68}: 'void java.lang.invoke.DirectMethodHandle$Holder.invokeSpecial(java.lang.Object, java.lang.Object, java.lang.Object, java.lang.Object, java.lang.Object)'> (0x000000008aa4db68) thrown at [./src/hotspot/share/interpreter/linkResolver.cpp, line 773]
Event: 0.227 Thread 0x0000018617206800 Exception <a 'java/lang/IncompatibleClassChangeError'{0x000000008aa5f678}: Found class java.lang.Object, but interface was expected> (0x000000008aa5f678) thrown at [./src/hotspot/share/interpreter/linkResolver.cpp, line 839]
Event: 0.228 Thread 0x0000018617206800 Exception <a 'java/lang/NoSuchMethodError'{0x000000008aa624c8}: 'void java.lang.invoke.DirectMethodHandle$Holder.invokeStatic(java.lang.Object, java.lang.Object, java.lang.Object, java.lang.Object)'> (0x000000008aa624c8) thrown at [./src/hotspot/share/interpreter/linkResolver.cpp, line 773]
Event: 0.290 Thread 0x0000018617206800 Exception <a 'java/lang/ClassNotFoundException'{0x000000008a960878}: sun/awt/resources/spi/awtProvider> (0x000000008a960878) thrown at [./src/hotspot/share/classfile/systemDictionary.cpp, line 231]
Event: 0.326 Thread 0x0000018617206800 Exception <a 'java/io/FileNotFoundException'{0x000000008a9f1d18}> (0x000000008a9f1d18) thrown at [./src/hotspot/share/prims/jni.cpp, line 615]
Event: 0.339 Thread 0x0000018617206800 Exception <a 'java/lang/NoSuchMethodError'{0x000000008a84d870}: 'java.lang.Object java.lang.invoke.DirectMethodHandle$Holder.invokeStatic(java.lang.Object, java.lang.Object, java.lang.Object, java.lang.Object, java.lang.Object, java.lang.Object, java.lang.Object, java.lang.Object, java.lang.Object, java.lang.Object, java.lang.Object, java.lang.Object, java.lang.Object, java.lang.Object, java.lang.Object)'> (0x000000008a84d870) thrown at [./src/hotspot/share/interpreter/linkResolver.cpp, line 773]
Event: 0.341 Thread 0x0000018617206800 Exception <a 'java/lang/NoSuchMethodError'{0x000000008a85b420}: 'java.lang.Object java.lang.invoke.DirectMethodHandle$Holder.invokeStatic(java.lang.Object, java.lang.Object, java.lang.Object, java.lang.Object, java.lang.Object, java.lang.Object, java.lang.Object, java.lang.Object, java.lang.Object, java.lang.Object, java.lang.Object, java.lang.Object, java.lang.Object, java.lang.Object, java.lang.Object, java.lang.Object)'> (0x000000008a85b420) thrown at [./src/hotspot/share/interpreter/linkResolver.cpp, l
Event: 0.342 Thread 0x0000018617206800 Exception <a 'java/lang/NoSuchMethodError'{0x000000008a8690c0}: 'java.lang.Object java.lang.invoke.DirectMethodHandle$Holder.invokeSpecial(java.lang.Object, java.lang.Object, int, int, java.lang.Object, java.lang.Object, java.lang.Object)'> (0x000000008a8690c0) thrown at [./src/hotspot/share/interpreter/linkResolver.cpp, line 773]
Event: 0.343 Thread 0x0000018617206800 Exception <a 'java/lang/NoSuchMethodError'{0x000000008a86c650}: 'java.lang.Object java.lang.invoke.DelegatingMethodHandle$Holder.reinvoke_L(java.lang.Object, int, int, java.lang.Object, java.lang.Object, java.lang.Object)'> (0x000000008a86c650) thrown at [./src/hotspot/share/interpreter/linkResolver.cpp, line 773]
Event: 0.343 Thread 0x0000018617206800 Exception <a 'java/lang/NoSuchMethodError'{0x000000008a870938}: 'java.lang.Object java.lang.invoke.DirectMethodHandle$Holder.invokeStatic(java.lang.Object, java.lang.Object, java.lang.Object, java.lang.Object, int)'> (0x000000008a870938) thrown at [./src/hotspot/share/interpreter/linkResolver.cpp, line 773]
Event: 0.356 Thread 0x0000018617206800 Exception <a 'java/io/FileNotFoundException'{0x000000008a8d31d8}> (0x000000008a8d31d8) thrown at [./src/hotspot/share/prims/jni.cpp, line 615]
Event: 0.421 Thread 0x00000186376dc800 Exception <a 'java/lang/NoSuchMethodError'{0x000000008a7806c0}: 'void java.lang.invoke.DirectMethodHandle$Holder.invokeSpecial(java.lang.Object, java.lang.Object)'> (0x000000008a7806c0) thrown at [./src/hotspot/share/interpreter/linkResolver.cpp, line 773]
Event: 0.428 Thread 0x0000018617206800 Exception <a 'java/lang/NoSuchMethodError'{0x000000008a777b90}: 'java.lang.Object java.lang.invoke.DirectMethodHandle$Holder.invokeStatic(java.lang.Object, java.lang.Object, java.lang.Object, java.lang.Object, java.lang.Object, java.lang.Object, java.lang.Object, java.lang.Object, int)'> (0x000000008a777b90) thrown at [./src/hotspot/share/interpreter/linkResolver.cpp, line 773]
Event: 0.431 Thread 0x0000018617206800 Exception <a 'java/lang/NoSuchMethodError'{0x000000008a60d368}: 'java.lang.Object java.lang.invoke.DirectMethodHandle$Holder.invokeStatic(java.lang.Object, java.lang.Object, java.lang.Object, java.lang.Object, java.lang.Object, java.lang.Object, java.lang.Object, java.lang.Object, int, int)'> (0x000000008a60d368) thrown at [./src/hotspot/share/interpreter/linkResolver.cpp, line 773]

Events (20 events):
Event: 0.537 loading class java/awt/font/FontRenderContext
Event: 0.538 loading class java/awt/font/FontRenderContext done
Event: 0.538 loading class sun/swing/StringUIClientPropertyKey
Event: 0.538 loading class javax/swing/UIClientPropertyKey
Event: 0.538 loading class javax/swing/UIClientPropertyKey done
Event: 0.538 loading class sun/swing/StringUIClientPropertyKey done
Event: 0.538 loading class sun/swing/SwingUtilities2$LSBCacheEntry
Event: 0.538 loading class sun/swing/SwingUtilities2$LSBCacheEntry done
Event: 0.538 loading class javax/swing/UIManager$LAFState
Event: 0.538 loading class javax/swing/UIManager$LAFState done
Event: 0.538 loading class javax/swing/UIDefaults
Event: 0.538 loading class javax/swing/UIDefaults done
Event: 0.538 loading class javax/swing/MultiUIDefaults
Event: 0.538 loading class javax/swing/MultiUIDefaults done
Event: 0.539 loading class sun/swing/SwingAccessor$UIDefaultsAccessor
Event: 0.539 loading class sun/swing/SwingAccessor$UIDefaultsAccessor done
Event: 0.539 loading class javax/swing/UIManager$1
Event: 0.539 loading class javax/swing/UIManager$1 done
Event: 0.541 loading class javax/swing/plaf/metal/MetalLookAndFeel
Event: 0.542 loading class javax/swing/plaf/basic/BasicLookAndFeel


Dynamic libraries:
0x00007ff6b8f40000 - 0x00007ff6b8f4d000 	C:\jdk-11.0.8.10\bin\javaw.exe
0x00007ffa7f390000 - 0x00007ffa7f585000 	C:\WINDOWS\SYSTEM32\ntdll.dll
0x00007ffa7d3f0000 - 0x00007ffa7d4ad000 	C:\WINDOWS\System32\KERNEL32.DLL
0x00007ffa7cf00000 - 0x00007ffa7d1c8000 	C:\WINDOWS\System32\KERNELBASE.dll
0x00007ffa7d2f0000 - 0x00007ffa7d3f0000 	C:\WINDOWS\System32\ucrtbase.dll
0x00007ffa7a060000 - 0x00007ffa7a077000 	C:\jdk-11.0.8.10\bin\jli.dll
0x00007ffa79fe0000 - 0x00007ffa79ff5000 	C:\jdk-11.0.8.10\bin\VCRUNTIME140.dll
0x00007ffa7de60000 - 0x00007ffa7e000000 	C:\WINDOWS\System32\USER32.dll
0x00007ffa65f70000 - 0x00007ffa6620a000 	C:\WINDOWS\WinSxS\amd64_microsoft.windows.common-controls_6595b64144ccf1df_6.0.19041.844_none_ca00b6081b84eb1d\COMCTL32.dll
0x00007ffa7ec60000 - 0x00007ffa7ecfe000 	C:\WINDOWS\System32\msvcrt.dll
0x00007ffa7d2c0000 - 0x00007ffa7d2e2000 	C:\WINDOWS\System32\win32u.dll
0x00007ffa7ec30000 - 0x00007ffa7ec5a000 	C:\WINDOWS\System32\GDI32.dll
0x00007ffa7cce0000 - 0x00007ffa7cdeb000 	C:\WINDOWS\System32\gdi32full.dll
0x00007ffa7d220000 - 0x00007ffa7d2bd000 	C:\WINDOWS\System32\msvcp_win.dll
0x00007ffa7d4b0000 - 0x00007ffa7d4e0000 	C:\WINDOWS\System32\IMM32.DLL
0x00007ffa55e70000 - 0x00007ffa55f0b000 	C:\jdk-11.0.8.10\bin\msvcp140.dll
0x00007ffa2fec0000 - 0x00007ffa3097d000 	C:\jdk-11.0.8.10\bin\server\jvm.dll
0x00007ffa7eff0000 - 0x00007ffa7f09c000 	C:\WINDOWS\System32\ADVAPI32.dll
0x00007ffa7ddc0000 - 0x00007ffa7de5b000 	C:\WINDOWS\System32\sechost.dll
0x00007ffa7e010000 - 0x00007ffa7e13b000 	C:\WINDOWS\System32\RPCRT4.dll
0x00007ffa7f0a0000 - 0x00007ffa7f0a8000 	C:\WINDOWS\System32\PSAPI.DLL
0x00007ffa6d480000 - 0x00007ffa6d4a7000 	C:\WINDOWS\SYSTEM32\WINMM.dll
0x00007ffa6d470000 - 0x00007ffa6d479000 	C:\WINDOWS\SYSTEM32\WSOCK32.dll
0x00007ffa75170000 - 0x00007ffa7517a000 	C:\WINDOWS\SYSTEM32\VERSION.dll
0x00007ffa7edf0000 - 0x00007ffa7ee5b000 	C:\WINDOWS\System32\WS2_32.dll
0x00007ffa7a930000 - 0x00007ffa7a942000 	C:\WINDOWS\SYSTEM32\kernel.appcore.dll
0x00007ffa5cbb0000 - 0x00007ffa5cbc0000 	C:\jdk-11.0.8.10\bin\verify.dll
0x00007ffa74810000 - 0x00007ffa749f4000 	C:\WINDOWS\SYSTEM32\DBGHELP.DLL
0x00007ffa747e0000 - 0x00007ffa7480c000 	C:\WINDOWS\SYSTEM32\dbgcore.DLL
0x00007ffa7ce80000 - 0x00007ffa7cf00000 	C:\WINDOWS\System32\bcryptPrimitives.dll
0x00007ffa40c20000 - 0x00007ffa40c48000 	C:\jdk-11.0.8.10\bin\java.dll
0x00007ffa5bf70000 - 0x00007ffa5bf7a000 	C:\jdk-11.0.8.10\bin\jimage.dll
0x00007ffa4bac0000 - 0x00007ffa4bad7000 	C:\jdk-11.0.8.10\bin\zip.dll
0x00007ffa7d4e0000 - 0x00007ffa7dc22000 	C:\WINDOWS\System32\SHELL32.dll
0x00007ffa7ac10000 - 0x00007ffa7b3a1000 	C:\WINDOWS\SYSTEM32\windows.storage.dll
0x00007ffa7e6c0000 - 0x00007ffa7ea15000 	C:\WINDOWS\System32\combase.dll
0x00007ffa7c4d0000 - 0x00007ffa7c4fc000 	C:\WINDOWS\SYSTEM32\Wldp.dll
0x00007ffa7e610000 - 0x00007ffa7e6be000 	C:\WINDOWS\System32\SHCORE.dll
0x00007ffa7ef90000 - 0x00007ffa7efe5000 	C:\WINDOWS\System32\shlwapi.dll
0x00007ffa7ca10000 - 0x00007ffa7ca2f000 	C:\WINDOWS\SYSTEM32\profapi.dll
0x00007ffa5f760000 - 0x00007ffa5f779000 	C:\jdk-11.0.8.10\bin\net.dll
0x00007ffa75b90000 - 0x00007ffa75c9b000 	C:\WINDOWS\SYSTEM32\WINHTTP.dll
0x00007ffa7c1e0000 - 0x00007ffa7c24a000 	C:\WINDOWS\system32\mswsock.dll
0x00007ffa5f740000 - 0x00007ffa5f752000 	C:\jdk-11.0.8.10\bin\nio.dll
0x00007ffa55cd0000 - 0x00007ffa55e69000 	C:\jdk-11.0.8.10\bin\awt.dll
0x00007ffa7f260000 - 0x00007ffa7f32d000 	C:\WINDOWS\System32\OLEAUT32.dll
0x00007ffa7a0a0000 - 0x00007ffa7a130000 	C:\WINDOWS\SYSTEM32\apphelp.dll
0x00007ffa7a900000 - 0x00007ffa7a92f000 	C:\WINDOWS\system32\DWMAPI.DLL
0x00007ffa7a550000 - 0x00007ffa7a5ee000 	C:\WINDOWS\system32\uxtheme.dll
0x00007ffa40af0000 - 0x00007ffa40c16000 	C:\WINDOWS\system32\opengl32.dll
0x00007ffa78c90000 - 0x00007ffa78cbc000 	C:\WINDOWS\SYSTEM32\GLU32.dll
0x00007ffa7f140000 - 0x00007ffa7f255000 	C:\WINDOWS\System32\MSCTF.dll
0x00007ffa7ee60000 - 0x00007ffa7ef8a000 	C:\WINDOWS\System32\ole32.dll
0x00007ffa6f940000 - 0x00007ffa6fb0e000 	C:\WINDOWS\system32\d3d9.dll
0x00007ffa6d250000 - 0x00007ffa6d42b000 	C:\WINDOWS\System32\DriverStore\FileRepository\u0361708.inf_amd64_7de6b99937f60751\B358199\aticfx64.dll
0x00007ffa60d80000 - 0x00007ffa60db3000 	C:\WINDOWS\System32\DriverStore\FileRepository\u0361708.inf_amd64_7de6b99937f60751\B358199\atiu9p64.dll
0x00007ffa244d0000 - 0x00007ffa25166000 	C:\WINDOWS\System32\DriverStore\FileRepository\u0361708.inf_amd64_7de6b99937f60751\B358199\atiumd64.dll
0x0000000076530000 - 0x00000000773ad000 	C:\WINDOWS\System32\DriverStore\FileRepository\u0361708.inf_amd64_7de6b99937f60751\B358199\atiumd6a.dll
0x00007ffa7c890000 - 0x00007ffa7c8db000 	C:\WINDOWS\SYSTEM32\POWRPROF.dll
0x00007ffa7c870000 - 0x00007ffa7c882000 	C:\WINDOWS\SYSTEM32\UMPDC.dll
0x00007ffa6a6d0000 - 0x00007ffa6a6ff000 	C:\WINDOWS\SYSTEM32\amdihk64.dll
0x00007ffa6d430000 - 0x00007ffa6d46b000 	C:\WINDOWS\SYSTEM32\dxcore.dll
0x00007ffa7d1d0000 - 0x00007ffa7d21e000 	C:\WINDOWS\System32\cfgmgr32.dll

dbghelp: loaded successfully - version: 4.0.5 - missing functions: none
symbol engine: initialized successfully - sym options: 0x614 - pdb path: .;C:\jdk-11.0.8.10\bin;C:\WINDOWS\SYSTEM32;C:\WINDOWS\WinSxS\amd64_microsoft.windows.common-controls_6595b64144ccf1df_6.0.19041.844_none_ca00b6081b84eb1d;C:\jdk-11.0.8.10\bin\server;C:\WINDOWS\System32\DriverStore\FileRepository\u0361708.inf_amd64_7de6b99937f60751\B358199

VM Arguments:
jvm_args: -Dfile.encoding=MS950 --module-path=C:\Users\user\eclipse-workspace\mysql-connector-java-8.0.16.jar 
java_command: Main
java_class_path (initial): C:\Users\user\eclipse-workspace\Final Project\bin;C:\Users\user\eclipse-workspace\WeatherForecast\target\classes;C:\Users\user\.m2\repository\net\sf\json-lib\json-lib\2.4\json-lib-2.4-jdk15.jar;C:\Users\user\.m2\repository\commons-beanutils\commons-beanutils\1.8.0\commons-beanutils-1.8.0.jar;C:\Users\user\.m2\repository\commons-collections\commons-collections\3.2.1\commons-collections-3.2.1.jar;C:\Users\user\.m2\repository\commons-lang\commons-lang\2.5\commons-lang-2.5.jar;C:\Users\user\.m2\repository\commons-logging\commons-logging\1.1.1\commons-logging-1.1.1.jar;C:\Users\user\.m2\repository\net\sf\ezmorph\ezmorph\1.0.6\ezmorph-1.0.6.jar
Launcher Type: SUN_STANDARD

[Global flags]
     intx CICompilerCount                          = 4                                         {product} {ergonomic}
     uint ConcGCThreads                            = 2                                         {product} {ergonomic}
     uint G1ConcRefinementThreads                  = 8                                         {product} {ergonomic}
   size_t G1HeapRegionSize                         = 1048576                                   {product} {ergonomic}
    uintx GCDrainStackTargetSize                   = 64                                        {product} {ergonomic}
   size_t InitialHeapSize                          = 132120576                                 {product} {ergonomic}
   size_t MarkStackSize                            = 4194304                                   {product} {ergonomic}
   size_t MaxHeapSize                              = 2097152000                                {product} {ergonomic}
   size_t MaxNewSize                               = 1258291200                                {product} {ergonomic}
   size_t MinHeapDeltaBytes                        = 1048576                                   {product} {ergonomic}
    uintx NonNMethodCodeHeapSize                   = 5836300                                {pd product} {ergonomic}
    uintx NonProfiledCodeHeapSize                  = 122910970                              {pd product} {ergonomic}
    uintx ProfiledCodeHeapSize                     = 122910970                              {pd product} {ergonomic}
    uintx ReservedCodeCacheSize                    = 251658240                              {pd product} {ergonomic}
     bool SegmentedCodeCache                       = true                                      {product} {ergonomic}
     bool UseCompressedClassPointers               = true                                 {lp64_product} {ergonomic}
     bool UseCompressedOops                        = true                                 {lp64_product} {ergonomic}
     bool UseG1GC                                  = true                                      {product} {ergonomic}
     bool UseLargePagesIndividualAllocation        = false                                  {pd product} {ergonomic}

Logging:
Log output configuration:
 #0: stdout all=warning uptime,level,tags
 #1: stderr all=off uptime,level,tags

Environment Variables:
JAVA_HOME=C:\jdk-11.0.8.10
CLASSPATH=.;C:\mysql-connector-java-8.0.23.tar\mysql-connector-java-8.0.23.jar;%CLASSPATH%
PATH=C:/jdk-11.0.8.10/bin/client;C:/jdk-11.0.8.10/bin;C:\jdk-11.0.8.10\bin;C:\Windows\system32;C:\Windows;C:\Windows\System32\Wbem;C:\Windows\System32\WindowsPowerShell\v1.0\;C:\Windows\System32\OpenSSH\;C:\Program Files (x86)\NVIDIA Corporation\PhysX\Common;C:\Program Files\NVIDIA Corporation\NVIDIA NvDLISR;C:\jdk-11.0.8.10\bin;;C:\WINDOWS\system32;C:\WINDOWS;C:\WINDOWS\System32\Wbem;C:\WINDOWS\System32\WindowsPowerShell\v1.0\;C:\WINDOWS\System32\OpenSSH\;C:\Users\user\AppData\Local\Microsoft\WindowsApps;;C:\jdk-11.0.8.10\eclipse;
USERNAME=user
OS=Windows_NT
PROCESSOR_IDENTIFIER=AMD64 Family 23 Model 24 Stepping 1, AuthenticAMD



---------------  S Y S T E M  ---------------

OS: Windows 10 , 64 bit Build 19041 (10.0.19041.928)
OS uptime: 23 days 19:08 hours

CPU:total 8 (initial active 8) (8 cores per cpu, 2 threads per core) family 23 model 24 stepping 1, cmov, cx8, fxsr, mmx, sse, sse2, sse3, ssse3, sse4.1, sse4.2, popcnt, avx, avx2, aes, clmul, mmxext, 3dnowpref, lzcnt, sse4a, ht, tsc, tscinvbit, tscinv, bmi1, bmi2, adx, sha, fma

Memory: 4k page, system-wide physical 7999M (493M free)
TotalPageFile size 32575M (AvailPageFile size 0M)
current process WorkingSet (physical memory assigned to process): 66M, peak: 66M
current process commit charge ("private bytes"): 231M, peak: 231M

vm_info: OpenJDK 64-Bit Server VM (11.0.8+10) for windows-amd64 JRE (11.0.8+10), built on Jul 15 2020 11:45:54 by "" with MS VC++ 15.9 (VS2017)

END.
